<?xml version="1.0" encoding="UTF-8"?>
<!-- Generated by org.testng.reporters.JUnitReportReporter -->
<testsuite hostname="Anujs-MacBook-Air.local" failures="0" tests="3" name="test.test" time="3.527" errors="0" timestamp="2023-02-04T18:14:10 IST" skipped="0">
  <testcase classname="test.test" name="testb" time="0.101"/>
  <system-out/>
  <testcase classname="test.test" name="testa" time="3.312"/>
  <system-out/>
  <testcase classname="test.test" name="testc" time="0.114"/>
  <system-out/>
</testsuite> <!-- test.test -->
